[     661ms] [ERROR] Failed to load resource: the server responded with a status of 401 () @ https://api.codecov.io/internal/user:0
[    5786ms] [ERROR] Failed to load resource: the server responded with a status of 503 () @ https://collector.github.com/github/collect:0
[    8452ms] [VERBOSE] [DOM] Password field is not contained in a form: (More info: https://goo.gl/9p2vKq) %o @ https://accounts.google.com/v3/signin/identifier?opparams=%253F&dsh=S439365179%3A1780479459457309&client_id=1078992815106-brpsupgvhheqg35tupphbh0qk9c32nq8.apps.googleusercontent.com&code_challenge=yHPTrloIjrekjxJkj1vpxB-r8MZ-R1mrDFkdIl2YvgI&code_challenge_method=S256&nonce=0f23a02e235d149742a6d45a607a4858&o2v=2&prompt=select_account&redirect_uri=https%3A%2F%2Fgithub.com%2Fsessions%2Fsocial%2Fgoogle%2Fcallback&response_type=code&scope=openid+email+profile&service=lso&state=892e6ef5edb2512b2db09c5eeb07ace9&flowName=GeneralOAuthFlow&continue=https%3A%2F%2Faccounts.google.com%2Fsignin%2Foauth%2Fconsent%3Fauthuser%3Dunknown%26part%3DAJi8hAOP9bB0rvP1px2VUoVboDtqcgxVP15ayl7YXNu7xOyi6J45SLlu3nHNGxAW1GnLLozr7_BkON5U6YTiWNNXMkcJnvqPa06NiiTuX92xq4n1fq8NB9FwhlplMYsTiixh7d6G9YxW4vQVFH1bo8tO7FTF3jZlCLV49fNAA5QqIJlJ1NC0qLFurldRW4Y5Tih4dhjjExmIIj0WPbkYQbUjoL1VCa1yuLV1NKDXgzX_007OBkA3jN6kEhiEKN6eYjwcMEkxEDirbboC5cRfs7TLH-5RIxnyPlVefJVUVA0L0fdRmuA0sdBJCD35ZppU57lg5A1y2WSc0WM0CrxPy1EmenTSnDImF8Imw4f9sR-8dzLD5xs3Qbt0LkEQNfICb6iow-cHxsTGV5zvjlcxQmy6Zx9ddE7Ij5KLfC7TwkCBMWiuqliyJBDnwam69N5jZTOQhDHPEtIv_vSUwDMA95NGdEQ9CaP4Dw%26flowName%3DGeneralOAuthFlow%26as%3DS439365179%253A1780479459457309%26client_id%3D1078992815106-brpsupgvhheqg35tupphbh0qk9c32nq8.apps.googleusercontent.com%26requestPath%3D%252Fsignin%252Foauth%252Fconsent%23&app_domain=https%3A%2F%2Fgithub.com&rart=ANgoxcdFVnmrX6so1iMWr0QZdlGbL5smy1HjeCE3Iy5HrtXzpNer92eXvUnIR3MAIZpEGEqt9GFpcl4W1GILzumxeOonYoVU41JgGMBqT7q7hXNj1Booy88:0
[    8480ms] [LOG] %c%s color: red; background: yellow; font-size: 24px; WARNING! @ https://www.gstatic.com/_/mss/boq-identity/_/js/k=boq-identity.AccountsSignInUi.en_US.5E-Cp8lktf4.es5.O/am=Ed8AAACAUfwjZADw__ffAAACCKIDvmcBmgAhAwAAAAAAAAAAFgAAQCM/d=1/excm=_b,_tp,identifierview/ed=1/dg=0/wt=2/ujg=1/rs=AOaEmlFsQIJA_AF0WIXptlgYzPiBHWxSqA/dti=1/m=_b,_tp:545
[    8480ms] [LOG] %c%s font-size: 18px; Using this console may allow attackers to impersonate you and steal your information using an attack called Self-XSS.
Do not enter or paste code that you do not understand. @ https://www.gstatic.com/_/mss/boq-identity/_/js/k=boq-identity.AccountsSignInUi.en_US.5E-Cp8lktf4.es5.O/am=Ed8AAACAUfwjZADw__ffAAACCKIDvmcBmgAhAwAAAAAAAAAAFgAAQCM/d=1/excm=_b,_tp,identifierview/ed=1/dg=0/wt=2/ujg=1/rs=AOaEmlFsQIJA_AF0WIXptlgYzPiBHWxSqA/dti=1/m=_b,_tp:545
[   13756ms] [ERROR] Failed to load resource: the server responded with a status of 503 () @ https://collector.github.com/github/collect:0
[   16752ms] [ERROR] Failed to load resource: the server responded with a status of 503 () @ https://collector.github.com/github/collect:0
[   28725ms] [ERROR] Failed to load resource: the server responded with a status of 503 () @ https://collector.github.com/github/collect:0
[   47186ms] [ERROR] Failed to load resource: the server responded with a status of 503 () @ https://collector.github.com/github/collect:0
[   55621ms] [ERROR] Failed to load resource: the server responded with a status of 400 () @ https://api.codecov.io/graphql/gh:0
[   55623ms] [ERROR] Failed to load resource: the server responded with a status of 400 () @ https://api.codecov.io/graphql/gh:0
[   55625ms] [ERROR] Failed to load resource: the server responded with a status of 400 () @ https://api.codecov.io/graphql/gh:0
[   56751ms] [ERROR] Failed to load resource: the server responded with a status of 400 () @ https://api.codecov.io/graphql/gh:0
[   56752ms] [ERROR] Failed to load resource: the server responded with a status of 400 () @ https://api.codecov.io/graphql/gh:0
[   56758ms] [ERROR] Failed to load resource: the server responded with a status of 400 () @ https://api.codecov.io/graphql/gh:0
[   58886ms] [ERROR] Failed to load resource: the server responded with a status of 400 () @ https://api.codecov.io/graphql/gh:0
[   58890ms] [ERROR] Failed to load resource: the server responded with a status of 400 () @ https://api.codecov.io/graphql/gh:0
[   58890ms] [ERROR] Failed to load resource: the server responded with a status of 400 () @ https://api.codecov.io/graphql/gh:0
[   63022ms] [ERROR] Failed to load resource: the server responded with a status of 400 () @ https://api.codecov.io/graphql/gh:0
[   63028ms] [ERROR] Failed to load resource: the server responded with a status of 400 () @ https://api.codecov.io/graphql/gh:0
[   63029ms] [ERROR] Failed to load resource: the server responded with a status of 400 () @ https://api.codecov.io/graphql/gh:0
